  endpoint_impl.cpp
D:\project_code\stormperf\src\include\ice\IceUtil/Exception.h(21): warning C4275: 非 dll 接口 class“std::exception”用作 dll 接口 class“IceUtil::Exception”的基
  C:\Program Files (x86)\Microsoft Visual Studio 14.0\VC\include\vcruntime_exception.h(43): note: 参见“std::exception”的声明
  D:\project_code\stormperf\src\include\ice\IceUtil/Exception.h(20): note: 参见“IceUtil::Exception”的声明
D:\project_code\stormperf\src\include\ice\Ice/Format.h(35): warning C4091: “__declspec(dllimport)”: 没有声明变量时忽略“Ice::FormatType”的左侧
  pair.cpp
D:\project_code\stormperf\src\include\ice\IceUtil/Exception.h(21): warning C4275: 非 dll 接口 class“std::exception”用作 dll 接口 class“IceUtil::Exception”的基
  C:\Program Files (x86)\Microsoft Visual Studio 14.0\VC\include\vcruntime_exception.h(43): note: 参见“std::exception”的声明
  D:\project_code\stormperf\src\include\ice\IceUtil/Exception.h(20): note: 参见“IceUtil::Exception”的声明
D:\project_code\stormperf\src\include\ice\Ice/Format.h(35): warning C4091: “__declspec(dllimport)”: 没有声明变量时忽略“Ice::FormatType”的左侧
  endpoint.cpp
D:\project_code\stormperf\src\include\ice\IceUtil/Exception.h(21): warning C4275: 非 dll 接口 class“std::exception”用作 dll 接口 class“IceUtil::Exception”的基
  C:\Program Files (x86)\Microsoft Visual Studio 14.0\VC\include\vcruntime_exception.h(43): note: 参见“std::exception”的声明
  D:\project_code\stormperf\src\include\ice\IceUtil/Exception.h(20): note: 参见“IceUtil::Exception”的声明
D:\project_code\stormperf\src\include\ice\Ice/Format.h(35): warning C4091: “__declspec(dllimport)”: 没有声明变量时忽略“Ice::FormatType”的左侧
  stormperf.cpp
D:\project_code\stormperf\src\include\ice\IceUtil/Exception.h(21): warning C4275: 非 dll 接口 class“std::exception”用作 dll 接口 class“IceUtil::Exception”的基
  C:\Program Files (x86)\Microsoft Visual Studio 14.0\VC\include\vcruntime_exception.h(43): note: 参见“std::exception”的声明
  D:\project_code\stormperf\src\include\ice\IceUtil/Exception.h(20): note: 参见“IceUtil::Exception”的声明
D:\project_code\stormperf\src\include\ice\Ice/Format.h(35): warning C4091: “__declspec(dllimport)”: 没有声明变量时忽略“Ice::FormatType”的左侧
  正在生成代码
  All 822 functions were compiled because no usable IPDB/IOBJ from previous compilation was found.
  已完成代码的生成
  StormPerf.vcxproj -> D:\project_code\stormperf\StormPerf\Release\StormPerf.exe
  StormPerf.vcxproj -> D:\project_code\stormperf\StormPerf\Release\StormPerf.pdb (Full PDB)
